2016-01-19 15:48:20,417 [Worker-3] INFO  o.e.m.c.i.l.LifecycleMappingFactory - Using org.eclipse.m2e.jdt.JarLifecycleMapping lifecycle mapping for MavenProject: zunzunwang-ws-twitter:zunzunwang-ws-twitter:0.0.1-SNAPSHOT @ /Users/zunzunwang/Documents/JAVA_Projet/XML/zunzunwang-ws-twitter/pom.xml.
2016-01-19 15:48:20,867 [Worker-5] WARN  o.e.m.c.i.embedder.EclipseLogger - Using platform encoding (UTF-8 actually) to copy filtered resources, i.e. build is platform dependent!
2016-01-19 15:48:20,869 [Worker-5] INFO  o.e.m.c.i.embedder.EclipseLogger - skip non existing resourceDirectory /Users/zunzunwang/Documents/JAVA_Projet/XML/zunzunwang-ws-twitter/src/main/resources
2016-01-19 15:48:20,872 [Worker-5] WARN  o.e.m.c.i.embedder.EclipseLogger - Using platform encoding (UTF-8 actually) to copy filtered resources, i.e. build is platform dependent!
2016-01-19 15:48:20,873 [Worker-5] INFO  o.e.m.c.i.embedder.EclipseLogger - skip non existing resourceDirectory /Users/zunzunwang/Documents/JAVA_Projet/XML/zunzunwang-ws-twitter/src/test/resources
2016-01-19 15:48:20,940 [Worker-3] INFO  o.e.m.j.i.AbstractJavaProjectConfigurator - Adding source folder /zunzunwang-ws-twitter/src
2016-01-19 15:48:20,941 [Worker-3] INFO  o.e.m.j.i.AbstractJavaProjectConfigurator - Not adding source folder /zunzunwang-ws-twitter/src/test/java because it overlaps with /zunzunwang-ws-twitter/src
2016-01-19 15:48:21,117 [Worker-3] INFO  o.e.m.c.i.p.ProjectConfigurationManager - Update started
2016-01-19 15:48:21,169 [Worker-3] INFO  o.e.m.c.i.l.LifecycleMappingFactory - Using org.eclipse.m2e.jdt.JarLifecycleMapping lifecycle mapping for MavenProject: zunzunwang-ws-twitter:zunzunwang-ws-twitter:0.0.1-SNAPSHOT @ /Users/zunzunwang/Documents/JAVA_Projet/XML/zunzunwang-ws-twitter/pom.xml.
2016-01-19 15:48:21,324 [Worker-3] INFO  o.e.m.j.i.AbstractJavaProjectConfigurator - Adding source folder /zunzunwang-ws-twitter/src
2016-01-19 15:48:21,325 [Worker-3] INFO  o.e.m.j.i.AbstractJavaProjectConfigurator - Not adding source folder /zunzunwang-ws-twitter/src/test/java because it overlaps with /zunzunwang-ws-twitter/src
2016-01-19 15:48:21,402 [Worker-3] INFO  o.e.m.c.i.p.ProjectConfigurationManager - Update completed: 0 sec
2016-01-19 15:48:21,902 [Worker-6] WARN  o.e.m.c.i.embedder.EclipseLogger - Using platform encoding (UTF-8 actually) to copy filtered resources, i.e. build is platform dependent!
2016-01-19 15:48:21,903 [Worker-6] INFO  o.e.m.c.i.embedder.EclipseLogger - skip non existing resourceDirectory /Users/zunzunwang/Documents/JAVA_Projet/XML/zunzunwang-ws-twitter/src/main/resources
2016-01-19 15:48:21,905 [Worker-6] WARN  o.e.m.c.i.embedder.EclipseLogger - Using platform encoding (UTF-8 actually) to copy filtered resources, i.e. build is platform dependent!
2016-01-19 15:48:21,906 [Worker-6] INFO  o.e.m.c.i.embedder.EclipseLogger - skip non existing resourceDirectory /Users/zunzunwang/Documents/JAVA_Projet/XML/zunzunwang-ws-twitter/src/test/resources
2016-01-19 15:50:47,076 [Worker-3] INFO  o.e.m.c.i.l.LifecycleMappingFactory - Using org.eclipse.m2e.jdt.JarLifecycleMapping lifecycle mapping for MavenProject: zunzunwang-ws-twitter:zunzunwang-ws-twitter:0.0.1-SNAPSHOT @ /Users/zunzunwang/Documents/JAVA_Projet/XML/zunzunwang-ws-twitter/pom.xml.
2016-01-19 15:50:48,571 [Worker-3] INFO  o.e.m.c.i.e.AbstractTransferListenerAdapter - Downloaded https://raw.github.com/fernandezpablo85/scribe-java/mvn-repo/org/scribe/scribe/1.3.5/scribe-1.3.5.pom
2016-01-19 15:50:48,696 [Worker-3] INFO  o.e.m.c.i.e.AbstractTransferListenerAdapter - Downloading http://repo.maven.apache.org/maven2/org/scribe/scribe/1.3.5/scribe-1.3.5.pom
2016-01-19 15:50:48,786 [Worker-3] INFO  o.e.m.c.i.e.AbstractTransferListenerAdapter - Downloaded http://repo.maven.apache.org/maven2/org/scribe/scribe/1.3.5/scribe-1.3.5.pom
2016-01-19 15:50:49,742 [Worker-3] INFO  o.e.m.c.i.e.AbstractTransferListenerAdapter - Downloaded https://raw.github.com/fernandezpablo85/scribe-java/mvn-repo/org/sonatype/oss/oss-parent/5/oss-parent-5.pom
2016-01-19 15:50:49,789 [Worker-3] INFO  o.e.m.c.i.e.AbstractTransferListenerAdapter - Downloading http://repo.maven.apache.org/maven2/org/sonatype/oss/oss-parent/5/oss-parent-5.pom
2016-01-19 15:50:49,864 [Worker-3] INFO  o.e.m.c.i.e.AbstractTransferListenerAdapter - Downloaded http://repo.maven.apache.org/maven2/org/sonatype/oss/oss-parent/5/oss-parent-5.pom
2016-01-19 15:50:50,982 [Worker-3] INFO  o.e.m.c.i.e.AbstractTransferListenerAdapter - Downloaded https://raw.github.com/fernandezpablo85/scribe-java/mvn-repo/org/scribe/scribe/1.3.5/scribe-1.3.5.jar
2016-01-19 15:50:51,029 [Worker-3] INFO  o.e.m.c.i.e.AbstractTransferListenerAdapter - Downloading http://repo.maven.apache.org/maven2/org/scribe/scribe/1.3.5/scribe-1.3.5.jar
2016-01-19 15:50:51,264 [Worker-3] INFO  o.e.m.c.i.e.AbstractTransferListenerAdapter - Downloaded http://repo.maven.apache.org/maven2/org/scribe/scribe/1.3.5/scribe-1.3.5.jar
2016-01-19 15:50:51,326 [Worker-3] WARN  o.e.m.c.i.embedder.EclipseLogger - Using platform encoding (UTF-8 actually) to copy filtered resources, i.e. build is platform dependent!
2016-01-19 15:50:51,327 [Worker-3] INFO  o.e.m.c.i.embedder.EclipseLogger - skip non existing resourceDirectory /Users/zunzunwang/Documents/JAVA_Projet/XML/zunzunwang-ws-twitter/src/main/resources
2016-01-19 15:50:51,329 [Worker-3] WARN  o.e.m.c.i.embedder.EclipseLogger - Using platform encoding (UTF-8 actually) to copy filtered resources, i.e. build is platform dependent!
2016-01-19 15:50:51,329 [Worker-3] INFO  o.e.m.c.i.embedder.EclipseLogger - skip non existing resourceDirectory /Users/zunzunwang/Documents/JAVA_Projet/XML/zunzunwang-ws-twitter/src/test/resources
2016-01-19 15:50:52,485 [Worker-9] WARN  o.e.m.c.i.embedder.EclipseLogger - Using platform encoding (UTF-8 actually) to copy filtered resources, i.e. build is platform dependent!
2016-01-19 15:50:52,486 [Worker-9] INFO  o.e.m.c.i.embedder.EclipseLogger - skip non existing resourceDirectory /Users/zunzunwang/Documents/JAVA_Projet/XML/zunzunwang-ws-twitter/src/main/resources
2016-01-19 15:50:52,488 [Worker-9] WARN  o.e.m.c.i.embedder.EclipseLogger - Using platform encoding (UTF-8 actually) to copy filtered resources, i.e. build is platform dependent!
2016-01-19 15:50:52,489 [Worker-9] INFO  o.e.m.c.i.embedder.EclipseLogger - skip non existing resourceDirectory /Users/zunzunwang/Documents/JAVA_Projet/XML/zunzunwang-ws-twitter/src/test/resources
2016-01-19 15:51:43,787 [Worker-3] INFO  o.e.m.i.launch.MavenLaunchDelegate - /Users/zunzunwang/Documents/JAVA_Projet/XML/zunzunwang-ws-twitter
2016-01-19 15:51:43,787 [Worker-3] INFO  o.e.m.i.launch.MavenLaunchDelegate -  mvn  -B install
2016-01-19 15:51:48,387 [Worker-5] WARN  o.e.m.c.i.embedder.EclipseLogger - Using platform encoding (UTF-8 actually) to copy filtered resources, i.e. build is platform dependent!
2016-01-19 15:51:48,388 [Worker-5] INFO  o.e.m.c.i.embedder.EclipseLogger - skip non existing resourceDirectory /Users/zunzunwang/Documents/JAVA_Projet/XML/zunzunwang-ws-twitter/src/main/resources
2016-01-19 15:51:48,389 [Worker-5] WARN  o.e.m.c.i.embedder.EclipseLogger - Using platform encoding (UTF-8 actually) to copy filtered resources, i.e. build is platform dependent!
2016-01-19 15:51:48,395 [Worker-5] INFO  o.e.m.c.i.embedder.EclipseLogger - skip non existing resourceDirectory /Users/zunzunwang/Documents/JAVA_Projet/XML/zunzunwang-ws-twitter/src/test/resources
2016-01-19 15:54:48,049 [Worker-4] WARN  o.e.m.c.i.embedder.EclipseLogger - Using platform encoding (UTF-8 actually) to copy filtered resources, i.e. build is platform dependent!
2016-01-19 15:54:48,050 [Worker-4] INFO  o.e.m.c.i.embedder.EclipseLogger - skip non existing resourceDirectory /Users/zunzunwang/Documents/JAVA_Projet/XML/zunzunwang-ws-twitter/src/main/resources
2016-01-19 15:54:48,051 [Worker-4] WARN  o.e.m.c.i.embedder.EclipseLogger - Using platform encoding (UTF-8 actually) to copy filtered resources, i.e. build is platform dependent!
2016-01-19 15:54:48,053 [Worker-4] INFO  o.e.m.c.i.embedder.EclipseLogger - skip non existing resourceDirectory /Users/zunzunwang/Documents/JAVA_Projet/XML/zunzunwang-ws-twitter/src/test/resources
2016-01-19 15:54:57,174 [Worker-10] WARN  o.e.m.c.i.embedder.EclipseLogger - Using platform encoding (UTF-8 actually) to copy filtered resources, i.e. build is platform dependent!
2016-01-19 15:54:57,175 [Worker-10] INFO  o.e.m.c.i.embedder.EclipseLogger - skip non existing resourceDirectory /Users/zunzunwang/Documents/JAVA_Projet/XML/zunzunwang-ws-twitter/src/main/resources
2016-01-19 15:54:57,176 [Worker-10] WARN  o.e.m.c.i.embedder.EclipseLogger - Using platform encoding (UTF-8 actually) to copy filtered resources, i.e. build is platform dependent!
2016-01-19 15:54:57,177 [Worker-10] INFO  o.e.m.c.i.embedder.EclipseLogger - skip non existing resourceDirectory /Users/zunzunwang/Documents/JAVA_Projet/XML/zunzunwang-ws-twitter/src/test/resources
2016-01-19 16:00:01,710 [Worker-3] WARN  o.e.m.c.i.embedder.EclipseLogger - Using platform encoding (UTF-8 actually) to copy filtered resources, i.e. build is platform dependent!
2016-01-19 16:00:01,711 [Worker-3] INFO  o.e.m.c.i.embedder.EclipseLogger - skip non existing resourceDirectory /Users/zunzunwang/Documents/JAVA_Projet/XML/zunzunwang-ws-twitter/src/main/resources
2016-01-19 16:00:01,715 [Worker-3] WARN  o.e.m.c.i.embedder.EclipseLogger - Using platform encoding (UTF-8 actually) to copy filtered resources, i.e. build is platform dependent!
2016-01-19 16:00:01,715 [Worker-3] INFO  o.e.m.c.i.embedder.EclipseLogger - skip non existing resourceDirectory /Users/zunzunwang/Documents/JAVA_Projet/XML/zunzunwang-ws-twitter/src/test/resources
2016-01-19 16:02:27,866 [Worker-11] WARN  o.e.m.c.i.embedder.EclipseLogger - Using platform encoding (UTF-8 actually) to copy filtered resources, i.e. build is platform dependent!
2016-01-19 16:02:27,867 [Worker-11] INFO  o.e.m.c.i.embedder.EclipseLogger - skip non existing resourceDirectory /Users/zunzunwang/Documents/JAVA_Projet/XML/zunzunwang-ws-twitter/src/main/resources
2016-01-19 16:02:27,869 [Worker-11] WARN  o.e.m.c.i.embedder.EclipseLogger - Using platform encoding (UTF-8 actually) to copy filtered resources, i.e. build is platform dependent!
2016-01-19 16:02:27,870 [Worker-11] INFO  o.e.m.c.i.embedder.EclipseLogger - skip non existing resourceDirectory /Users/zunzunwang/Documents/JAVA_Projet/XML/zunzunwang-ws-twitter/src/test/resources
2016-01-19 16:03:07,218 [Worker-3] WARN  o.e.m.c.i.embedder.EclipseLogger - Using platform encoding (UTF-8 actually) to copy filtered resources, i.e. build is platform dependent!
2016-01-19 16:03:07,218 [Worker-3] INFO  o.e.m.c.i.embedder.EclipseLogger - skip non existing resourceDirectory /Users/zunzunwang/Documents/JAVA_Projet/XML/zunzunwang-ws-twitter/src/main/resources
2016-01-19 16:03:07,220 [Worker-3] WARN  o.e.m.c.i.embedder.EclipseLogger - Using platform encoding (UTF-8 actually) to copy filtered resources, i.e. build is platform dependent!
2016-01-19 16:03:07,222 [Worker-3] INFO  o.e.m.c.i.embedder.EclipseLogger - skip non existing resourceDirectory /Users/zunzunwang/Documents/JAVA_Projet/XML/zunzunwang-ws-twitter/src/test/resources
2016-01-19 16:03:46,857 [Worker-5] WARN  o.e.m.c.i.embedder.EclipseLogger - Using platform encoding (UTF-8 actually) to copy filtered resources, i.e. build is platform dependent!
2016-01-19 16:03:46,858 [Worker-5] INFO  o.e.m.c.i.embedder.EclipseLogger - skip non existing resourceDirectory /Users/zunzunwang/Documents/JAVA_Projet/XML/zunzunwang-ws-twitter/src/main/resources
2016-01-19 16:03:46,860 [Worker-5] WARN  o.e.m.c.i.embedder.EclipseLogger - Using platform encoding (UTF-8 actually) to copy filtered resources, i.e. build is platform dependent!
2016-01-19 16:03:46,860 [Worker-5] INFO  o.e.m.c.i.embedder.EclipseLogger - skip non existing resourceDirectory /Users/zunzunwang/Documents/JAVA_Projet/XML/zunzunwang-ws-twitter/src/test/resources
2016-01-19 16:10:25,691 [Worker-17] INFO  o.e.m.c.i.l.LifecycleMappingFactory - Using org.eclipse.m2e.jdt.JarLifecycleMapping lifecycle mapping for MavenProject: zunzunwang-ws-twitter:zunzunwang-ws-twitter:0.0.1-SNAPSHOT @ /Users/zunzunwang/Documents/JAVA_Projet/XML/zunzunwang-ws-twitter/pom.xml.
2016-01-19 16:10:27,642 [Worker-17] INFO  o.e.m.c.i.e.AbstractTransferListenerAdapter - Downloaded https://raw.github.com/fernandezpablo85/scribe-java/mvn-repo/com/googlecode/json-simple/json-simple/1.1.1/json-simple-1.1.1.pom
2016-01-19 16:10:27,765 [Worker-17] INFO  o.e.m.c.i.e.AbstractTransferListenerAdapter - Downloading http://repo.maven.apache.org/maven2/com/googlecode/json-simple/json-simple/1.1.1/json-simple-1.1.1.pom
2016-01-19 16:10:27,855 [Worker-17] INFO  o.e.m.c.i.e.AbstractTransferListenerAdapter - Downloaded http://repo.maven.apache.org/maven2/com/googlecode/json-simple/json-simple/1.1.1/json-simple-1.1.1.pom
2016-01-19 16:10:28,915 [Worker-17] INFO  o.e.m.c.i.e.AbstractTransferListenerAdapter - Downloaded https://raw.github.com/fernandezpablo85/scribe-java/mvn-repo/junit/junit/4.10/junit-4.10.pom
2016-01-19 16:10:28,972 [Worker-17] INFO  o.e.m.c.i.e.AbstractTransferListenerAdapter - Downloading http://repo.maven.apache.org/maven2/junit/junit/4.10/junit-4.10.pom
2016-01-19 16:10:29,065 [Worker-17] INFO  o.e.m.c.i.e.AbstractTransferListenerAdapter - Downloaded http://repo.maven.apache.org/maven2/junit/junit/4.10/junit-4.10.pom
2016-01-19 16:10:31,021 [Worker-17] INFO  o.e.m.c.i.e.AbstractTransferListenerAdapter - Downloaded https://raw.github.com/fernandezpablo85/scribe-java/mvn-repo/org/hamcrest/hamcrest-core/1.1/hamcrest-core-1.1.pom
2016-01-19 16:10:31,078 [Worker-17] INFO  o.e.m.c.i.e.AbstractTransferListenerAdapter - Downloading http://repo.maven.apache.org/maven2/org/hamcrest/hamcrest-core/1.1/hamcrest-core-1.1.pom
2016-01-19 16:10:31,160 [Worker-17] INFO  o.e.m.c.i.e.AbstractTransferListenerAdapter - Downloaded http://repo.maven.apache.org/maven2/org/hamcrest/hamcrest-core/1.1/hamcrest-core-1.1.pom
2016-01-19 16:10:32,288 [Worker-17] INFO  o.e.m.c.i.e.AbstractTransferListenerAdapter - Downloaded https://raw.github.com/fernandezpablo85/scribe-java/mvn-repo/org/hamcrest/hamcrest-parent/1.1/hamcrest-parent-1.1.pom
2016-01-19 16:10:32,340 [Worker-17] INFO  o.e.m.c.i.e.AbstractTransferListenerAdapter - Downloading http://repo.maven.apache.org/maven2/org/hamcrest/hamcrest-parent/1.1/hamcrest-parent-1.1.pom
2016-01-19 16:10:32,421 [Worker-17] INFO  o.e.m.c.i.e.AbstractTransferListenerAdapter - Downloaded http://repo.maven.apache.org/maven2/org/hamcrest/hamcrest-parent/1.1/hamcrest-parent-1.1.pom
2016-01-19 16:10:33,501 [Worker-17] INFO  o.e.m.c.i.e.AbstractTransferListenerAdapter - Downloaded https://raw.github.com/fernandezpablo85/scribe-java/mvn-repo/com/googlecode/json-simple/json-simple/1.1.1/json-simple-1.1.1.jar
2016-01-19 16:10:34,302 [Worker-17] INFO  o.e.m.c.i.e.AbstractTransferListenerAdapter - Downloaded https://raw.github.com/fernandezpablo85/scribe-java/mvn-repo/junit/junit/4.10/junit-4.10.jar
2016-01-19 16:10:35,108 [Worker-17] INFO  o.e.m.c.i.e.AbstractTransferListenerAdapter - Downloaded https://raw.github.com/fernandezpablo85/scribe-java/mvn-repo/org/hamcrest/hamcrest-core/1.1/hamcrest-core-1.1.jar
2016-01-19 16:10:35,160 [Worker-17] INFO  o.e.m.c.i.e.AbstractTransferListenerAdapter - Downloading http://repo.maven.apache.org/maven2/com/googlecode/json-simple/json-simple/1.1.1/json-simple-1.1.1.jar
2016-01-19 16:10:35,282 [Worker-17] INFO  o.e.m.c.i.e.AbstractTransferListenerAdapter - Downloaded http://repo.maven.apache.org/maven2/com/googlecode/json-simple/json-simple/1.1.1/json-simple-1.1.1.jar
2016-01-19 16:10:35,324 [Worker-17] INFO  o.e.m.c.i.e.AbstractTransferListenerAdapter - Downloading http://repo.maven.apache.org/maven2/junit/junit/4.10/junit-4.10.jar
2016-01-19 16:10:35,837 [Worker-17] INFO  o.e.m.c.i.e.AbstractTransferListenerAdapter - Downloaded http://repo.maven.apache.org/maven2/junit/junit/4.10/junit-4.10.jar
2016-01-19 16:10:35,878 [Worker-17] INFO  o.e.m.c.i.e.AbstractTransferListenerAdapter - Downloading http://repo.maven.apache.org/maven2/org/hamcrest/hamcrest-core/1.1/hamcrest-core-1.1.jar
2016-01-19 16:10:36,435 [Worker-17] INFO  o.e.m.c.i.e.AbstractTransferListenerAdapter - Downloaded http://repo.maven.apache.org/maven2/org/hamcrest/hamcrest-core/1.1/hamcrest-core-1.1.jar
2016-01-19 16:10:36,536 [Worker-17] WARN  o.e.m.c.i.embedder.EclipseLogger - Using platform encoding (UTF-8 actually) to copy filtered resources, i.e. build is platform dependent!
2016-01-19 16:10:36,537 [Worker-17] INFO  o.e.m.c.i.embedder.EclipseLogger - skip non existing resourceDirectory /Users/zunzunwang/Documents/JAVA_Projet/XML/zunzunwang-ws-twitter/src/main/resources
2016-01-19 16:10:36,539 [Worker-17] WARN  o.e.m.c.i.embedder.EclipseLogger - Using platform encoding (UTF-8 actually) to copy filtered resources, i.e. build is platform dependent!
2016-01-19 16:10:36,539 [Worker-17] INFO  o.e.m.c.i.embedder.EclipseLogger - skip non existing resourceDirectory /Users/zunzunwang/Documents/JAVA_Projet/XML/zunzunwang-ws-twitter/src/test/resources
2016-01-19 16:10:37,694 [Worker-5] WARN  o.e.m.c.i.embedder.EclipseLogger - Using platform encoding (UTF-8 actually) to copy filtered resources, i.e. build is platform dependent!
2016-01-19 16:10:37,694 [Worker-5] INFO  o.e.m.c.i.embedder.EclipseLogger - skip non existing resourceDirectory /Users/zunzunwang/Documents/JAVA_Projet/XML/zunzunwang-ws-twitter/src/main/resources
2016-01-19 16:10:37,696 [Worker-5] WARN  o.e.m.c.i.embedder.EclipseLogger - Using platform encoding (UTF-8 actually) to copy filtered resources, i.e. build is platform dependent!
2016-01-19 16:10:37,696 [Worker-5] INFO  o.e.m.c.i.embedder.EclipseLogger - skip non existing resourceDirectory /Users/zunzunwang/Documents/JAVA_Projet/XML/zunzunwang-ws-twitter/src/test/resources
2016-01-19 16:10:57,305 [Worker-18] INFO  o.e.m.c.i.l.LifecycleMappingFactory - Using org.eclipse.m2e.jdt.JarLifecycleMapping lifecycle mapping for MavenProject: zunzunwang-ws-twitter:zunzunwang-ws-twitter:0.0.1-SNAPSHOT @ /Users/zunzunwang/Documents/JAVA_Projet/XML/zunzunwang-ws-twitter/pom.xml.
2016-01-19 16:10:57,347 [Worker-18] WARN  o.e.m.c.i.embedder.EclipseLogger - Using platform encoding (UTF-8 actually) to copy filtered resources, i.e. build is platform dependent!
2016-01-19 16:10:57,347 [Worker-18] INFO  o.e.m.c.i.embedder.EclipseLogger - skip non existing resourceDirectory /Users/zunzunwang/Documents/JAVA_Projet/XML/zunzunwang-ws-twitter/src/main/resources
2016-01-19 16:10:57,349 [Worker-18] WARN  o.e.m.c.i.embedder.EclipseLogger - Using platform encoding (UTF-8 actually) to copy filtered resources, i.e. build is platform dependent!
2016-01-19 16:10:57,350 [Worker-18] INFO  o.e.m.c.i.embedder.EclipseLogger - skip non existing resourceDirectory /Users/zunzunwang/Documents/JAVA_Projet/XML/zunzunwang-ws-twitter/src/test/resources
2016-01-19 16:11:11,546 [Worker-17] INFO  o.e.m.i.launch.MavenLaunchDelegate - /Users/zunzunwang/Documents/JAVA_Projet/XML/zunzunwang-ws-twitter
2016-01-19 16:11:11,546 [Worker-17] INFO  o.e.m.i.launch.MavenLaunchDelegate -  mvn  -B install
2016-01-19 16:11:16,830 [Worker-18] WARN  o.e.m.c.i.embedder.EclipseLogger - Using platform encoding (UTF-8 actually) to copy filtered resources, i.e. build is platform dependent!
2016-01-19 16:11:16,831 [Worker-18] INFO  o.e.m.c.i.embedder.EclipseLogger - skip non existing resourceDirectory /Users/zunzunwang/Documents/JAVA_Projet/XML/zunzunwang-ws-twitter/src/main/resources
2016-01-19 16:11:16,832 [Worker-18] WARN  o.e.m.c.i.embedder.EclipseLogger - Using platform encoding (UTF-8 actually) to copy filtered resources, i.e. build is platform dependent!
2016-01-19 16:11:16,838 [Worker-18] INFO  o.e.m.c.i.embedder.EclipseLogger - skip non existing resourceDirectory /Users/zunzunwang/Documents/JAVA_Projet/XML/zunzunwang-ws-twitter/src/test/resources
2016-01-19 16:26:53,633 [Worker-15] WARN  o.e.m.c.i.embedder.EclipseLogger - Using platform encoding (UTF-8 actually) to copy filtered resources, i.e. build is platform dependent!
2016-01-19 16:26:53,634 [Worker-15] INFO  o.e.m.c.i.embedder.EclipseLogger - skip non existing resourceDirectory /Users/zunzunwang/Documents/JAVA_Projet/XML/zunzunwang-ws-twitter/src/main/resources
2016-01-19 16:26:53,636 [Worker-15] WARN  o.e.m.c.i.embedder.EclipseLogger - Using platform encoding (UTF-8 actually) to copy filtered resources, i.e. build is platform dependent!
2016-01-19 16:26:53,636 [Worker-15] INFO  o.e.m.c.i.embedder.EclipseLogger - skip non existing resourceDirectory /Users/zunzunwang/Documents/JAVA_Projet/XML/zunzunwang-ws-twitter/src/test/resources
2016-01-19 16:26:59,714 [Worker-21] WARN  o.e.m.c.i.embedder.EclipseLogger - Using platform encoding (UTF-8 actually) to copy filtered resources, i.e. build is platform dependent!
2016-01-19 16:26:59,716 [Worker-21] INFO  o.e.m.c.i.embedder.EclipseLogger - skip non existing resourceDirectory /Users/zunzunwang/Documents/JAVA_Projet/XML/zunzunwang-ws-twitter/src/main/resources
2016-01-19 16:26:59,717 [Worker-21] WARN  o.e.m.c.i.embedder.EclipseLogger - Using platform encoding (UTF-8 actually) to copy filtered resources, i.e. build is platform dependent!
2016-01-19 16:26:59,718 [Worker-21] INFO  o.e.m.c.i.embedder.EclipseLogger - skip non existing resourceDirectory /Users/zunzunwang/Documents/JAVA_Projet/XML/zunzunwang-ws-twitter/src/test/resources
2016-01-19 16:30:38,006 [Worker-5] WARN  o.e.m.c.i.embedder.EclipseLogger - Using platform encoding (UTF-8 actually) to copy filtered resources, i.e. build is platform dependent!
2016-01-19 16:30:38,006 [Worker-5] INFO  o.e.m.c.i.embedder.EclipseLogger - skip non existing resourceDirectory /Users/zunzunwang/Documents/JAVA_Projet/XML/zunzunwang-ws-twitter/src/main/resources
2016-01-19 16:30:38,008 [Worker-5] WARN  o.e.m.c.i.embedder.EclipseLogger - Using platform encoding (UTF-8 actually) to copy filtered resources, i.e. build is platform dependent!
2016-01-19 16:30:38,009 [Worker-5] INFO  o.e.m.c.i.embedder.EclipseLogger - skip non existing resourceDirectory /Users/zunzunwang/Documents/JAVA_Projet/XML/zunzunwang-ws-twitter/src/test/resources
2016-01-19 16:36:22,089 [Worker-5] WARN  o.e.m.c.i.embedder.EclipseLogger - Using platform encoding (UTF-8 actually) to copy filtered resources, i.e. build is platform dependent!
2016-01-19 16:36:22,090 [Worker-5] INFO  o.e.m.c.i.embedder.EclipseLogger - skip non existing resourceDirectory /Users/zunzunwang/Documents/JAVA_Projet/XML/zunzunwang-ws-twitter/src/main/resources
2016-01-19 16:36:22,091 [Worker-5] WARN  o.e.m.c.i.embedder.EclipseLogger - Using platform encoding (UTF-8 actually) to copy filtered resources, i.e. build is platform dependent!
2016-01-19 16:36:22,094 [Worker-5] INFO  o.e.m.c.i.embedder.EclipseLogger - skip non existing resourceDirectory /Users/zunzunwang/Documents/JAVA_Projet/XML/zunzunwang-ws-twitter/src/test/resources
2016-01-19 16:44:17,207 [Worker-26] WARN  o.e.m.c.i.embedder.EclipseLogger - Using platform encoding (UTF-8 actually) to copy filtered resources, i.e. build is platform dependent!
2016-01-19 16:44:17,208 [Worker-26] INFO  o.e.m.c.i.embedder.EclipseLogger - skip non existing resourceDirectory /Users/zunzunwang/Documents/JAVA_Projet/XML/zunzunwang-ws-twitter/src/main/resources
2016-01-19 16:44:17,210 [Worker-26] WARN  o.e.m.c.i.embedder.EclipseLogger - Using platform encoding (UTF-8 actually) to copy filtered resources, i.e. build is platform dependent!
2016-01-19 16:44:17,211 [Worker-26] INFO  o.e.m.c.i.embedder.EclipseLogger - skip non existing resourceDirectory /Users/zunzunwang/Documents/JAVA_Projet/XML/zunzunwang-ws-twitter/src/test/resources
2016-01-19 16:44:26,495 [Worker-26] WARN  o.e.m.c.i.embedder.EclipseLogger - Using platform encoding (UTF-8 actually) to copy filtered resources, i.e. build is platform dependent!
2016-01-19 16:44:26,496 [Worker-26] INFO  o.e.m.c.i.embedder.EclipseLogger - skip non existing resourceDirectory /Users/zunzunwang/Documents/JAVA_Projet/XML/zunzunwang-ws-twitter/src/main/resources
2016-01-19 16:44:26,496 [Worker-26] WARN  o.e.m.c.i.embedder.EclipseLogger - Using platform encoding (UTF-8 actually) to copy filtered resources, i.e. build is platform dependent!
2016-01-19 16:44:26,500 [Worker-26] INFO  o.e.m.c.i.embedder.EclipseLogger - skip non existing resourceDirectory /Users/zunzunwang/Documents/JAVA_Projet/XML/zunzunwang-ws-twitter/src/test/resources
2016-01-19 16:44:31,199 [Worker-5] WARN  o.e.m.c.i.embedder.EclipseLogger - Using platform encoding (UTF-8 actually) to copy filtered resources, i.e. build is platform dependent!
2016-01-19 16:44:31,199 [Worker-5] INFO  o.e.m.c.i.embedder.EclipseLogger - skip non existing resourceDirectory /Users/zunzunwang/Documents/JAVA_Projet/XML/zunzunwang-ws-twitter/src/main/resources
2016-01-19 16:44:31,201 [Worker-5] WARN  o.e.m.c.i.embedder.EclipseLogger - Using platform encoding (UTF-8 actually) to copy filtered resources, i.e. build is platform dependent!
2016-01-19 16:44:31,202 [Worker-5] INFO  o.e.m.c.i.embedder.EclipseLogger - skip non existing resourceDirectory /Users/zunzunwang/Documents/JAVA_Projet/XML/zunzunwang-ws-twitter/src/test/resources
2016-01-19 16:46:43,213 [Worker-26] WARN  o.e.m.c.i.embedder.EclipseLogger - Using platform encoding (UTF-8 actually) to copy filtered resources, i.e. build is platform dependent!
2016-01-19 16:46:43,214 [Worker-26] INFO  o.e.m.c.i.embedder.EclipseLogger - skip non existing resourceDirectory /Users/zunzunwang/Documents/JAVA_Projet/XML/zunzunwang-ws-twitter/src/main/resources
2016-01-19 16:46:43,215 [Worker-26] WARN  o.e.m.c.i.embedder.EclipseLogger - Using platform encoding (UTF-8 actually) to copy filtered resources, i.e. build is platform dependent!
2016-01-19 16:46:43,216 [Worker-26] INFO  o.e.m.c.i.embedder.EclipseLogger - skip non existing resourceDirectory /Users/zunzunwang/Documents/JAVA_Projet/XML/zunzunwang-ws-twitter/src/test/resources
2016-01-19 16:47:27,538 [Worker-24] WARN  o.e.m.c.i.embedder.EclipseLogger - Using platform encoding (UTF-8 actually) to copy filtered resources, i.e. build is platform dependent!
2016-01-19 16:47:27,539 [Worker-24] INFO  o.e.m.c.i.embedder.EclipseLogger - skip non existing resourceDirectory /Users/zunzunwang/Documents/JAVA_Projet/XML/zunzunwang-ws-twitter/src/main/resources
2016-01-19 16:47:27,540 [Worker-24] WARN  o.e.m.c.i.embedder.EclipseLogger - Using platform encoding (UTF-8 actually) to copy filtered resources, i.e. build is platform dependent!
2016-01-19 16:47:27,543 [Worker-24] INFO  o.e.m.c.i.embedder.EclipseLogger - skip non existing resourceDirectory /Users/zunzunwang/Documents/JAVA_Projet/XML/zunzunwang-ws-twitter/src/test/resources
2016-01-19 16:50:12,049 [Worker-25] WARN  o.e.m.c.i.embedder.EclipseLogger - Using platform encoding (UTF-8 actually) to copy filtered resources, i.e. build is platform dependent!
2016-01-19 16:50:12,050 [Worker-25] INFO  o.e.m.c.i.embedder.EclipseLogger - skip non existing resourceDirectory /Users/zunzunwang/Documents/JAVA_Projet/XML/zunzunwang-ws-twitter/src/main/resources
2016-01-19 16:50:12,051 [Worker-25] WARN  o.e.m.c.i.embedder.EclipseLogger - Using platform encoding (UTF-8 actually) to copy filtered resources, i.e. build is platform dependent!
2016-01-19 16:50:12,053 [Worker-25] INFO  o.e.m.c.i.embedder.EclipseLogger - skip non existing resourceDirectory /Users/zunzunwang/Documents/JAVA_Projet/XML/zunzunwang-ws-twitter/src/test/resources
2016-01-19 16:50:38,028 [Worker-25] WARN  o.e.m.c.i.embedder.EclipseLogger - Using platform encoding (UTF-8 actually) to copy filtered resources, i.e. build is platform dependent!
2016-01-19 16:50:38,028 [Worker-25] INFO  o.e.m.c.i.embedder.EclipseLogger - skip non existing resourceDirectory /Users/zunzunwang/Documents/JAVA_Projet/XML/zunzunwang-ws-twitter/src/main/resources
2016-01-19 16:50:38,030 [Worker-25] WARN  o.e.m.c.i.embedder.EclipseLogger - Using platform encoding (UTF-8 actually) to copy filtered resources, i.e. build is platform dependent!
2016-01-19 16:50:38,032 [Worker-25] INFO  o.e.m.c.i.embedder.EclipseLogger - skip non existing resourceDirectory /Users/zunzunwang/Documents/JAVA_Projet/XML/zunzunwang-ws-twitter/src/test/resources
2016-01-19 16:52:13,008 [Worker-28] WARN  o.e.m.c.i.embedder.EclipseLogger - Using platform encoding (UTF-8 actually) to copy filtered resources, i.e. build is platform dependent!
2016-01-19 16:52:13,009 [Worker-28] INFO  o.e.m.c.i.embedder.EclipseLogger - skip non existing resourceDirectory /Users/zunzunwang/Documents/JAVA_Projet/XML/zunzunwang-ws-twitter/src/main/resources
2016-01-19 16:52:13,013 [Worker-28] WARN  o.e.m.c.i.embedder.EclipseLogger - Using platform encoding (UTF-8 actually) to copy filtered resources, i.e. build is platform dependent!
2016-01-19 16:52:13,014 [Worker-28] INFO  o.e.m.c.i.embedder.EclipseLogger - skip non existing resourceDirectory /Users/zunzunwang/Documents/JAVA_Projet/XML/zunzunwang-ws-twitter/src/test/resources
2016-01-19 16:57:18,309 [Worker-30] WARN  o.e.m.c.i.embedder.EclipseLogger - Using platform encoding (UTF-8 actually) to copy filtered resources, i.e. build is platform dependent!
2016-01-19 16:57:18,310 [Worker-30] INFO  o.e.m.c.i.embedder.EclipseLogger - skip non existing resourceDirectory /Users/zunzunwang/Documents/JAVA_Projet/XML/zunzunwang-ws-twitter/src/main/resources
2016-01-19 16:57:18,311 [Worker-30] WARN  o.e.m.c.i.embedder.EclipseLogger - Using platform encoding (UTF-8 actually) to copy filtered resources, i.e. build is platform dependent!
2016-01-19 16:57:18,312 [Worker-30] INFO  o.e.m.c.i.embedder.EclipseLogger - skip non existing resourceDirectory /Users/zunzunwang/Documents/JAVA_Projet/XML/zunzunwang-ws-twitter/src/test/resources
2016-01-19 17:01:53,058 [Worker-31] WARN  o.e.m.c.i.embedder.EclipseLogger - Using platform encoding (UTF-8 actually) to copy filtered resources, i.e. build is platform dependent!
2016-01-19 17:01:53,058 [Worker-31] INFO  o.e.m.c.i.embedder.EclipseLogger - skip non existing resourceDirectory /Users/zunzunwang/Documents/JAVA_Projet/XML/zunzunwang-ws-twitter/src/main/resources
2016-01-19 17:01:53,059 [Worker-31] WARN  o.e.m.c.i.embedder.EclipseLogger - Using platform encoding (UTF-8 actually) to copy filtered resources, i.e. build is platform dependent!
2016-01-19 17:01:53,064 [Worker-31] INFO  o.e.m.c.i.embedder.EclipseLogger - skip non existing resourceDirectory /Users/zunzunwang/Documents/JAVA_Projet/XML/zunzunwang-ws-twitter/src/test/resources
2016-01-19 17:07:42,023 [Worker-31] WARN  o.e.m.c.i.embedder.EclipseLogger - Using platform encoding (UTF-8 actually) to copy filtered resources, i.e. build is platform dependent!
2016-01-19 17:07:42,024 [Worker-31] INFO  o.e.m.c.i.embedder.EclipseLogger - skip non existing resourceDirectory /Users/zunzunwang/Documents/JAVA_Projet/XML/zunzunwang-ws-twitter/src/main/resources
2016-01-19 17:07:42,026 [Worker-31] WARN  o.e.m.c.i.embedder.EclipseLogger - Using platform encoding (UTF-8 actually) to copy filtered resources, i.e. build is platform dependent!
2016-01-19 17:07:42,027 [Worker-31] INFO  o.e.m.c.i.embedder.EclipseLogger - skip non existing resourceDirectory /Users/zunzunwang/Documents/JAVA_Projet/XML/zunzunwang-ws-twitter/src/test/resources
2016-01-19 17:08:12,406 [Worker-31] WARN  o.e.m.c.i.embedder.EclipseLogger - Using platform encoding (UTF-8 actually) to copy filtered resources, i.e. build is platform dependent!
2016-01-19 17:08:12,407 [Worker-31] INFO  o.e.m.c.i.embedder.EclipseLogger - skip non existing resourceDirectory /Users/zunzunwang/Documents/JAVA_Projet/XML/zunzunwang-ws-twitter/src/main/resources
2016-01-19 17:08:12,408 [Worker-31] WARN  o.e.m.c.i.embedder.EclipseLogger - Using platform encoding (UTF-8 actually) to copy filtered resources, i.e. build is platform dependent!
2016-01-19 17:08:12,413 [Worker-31] INFO  o.e.m.c.i.embedder.EclipseLogger - skip non existing resourceDirectory /Users/zunzunwang/Documents/JAVA_Projet/XML/zunzunwang-ws-twitter/src/test/resources
2016-01-19 17:08:25,588 [Worker-34] WARN  o.e.m.c.i.embedder.EclipseLogger - Using platform encoding (UTF-8 actually) to copy filtered resources, i.e. build is platform dependent!
2016-01-19 17:08:25,589 [Worker-34] INFO  o.e.m.c.i.embedder.EclipseLogger - skip non existing resourceDirectory /Users/zunzunwang/Documents/JAVA_Projet/XML/zunzunwang-ws-twitter/src/main/resources
2016-01-19 17:08:25,590 [Worker-34] WARN  o.e.m.c.i.embedder.EclipseLogger - Using platform encoding (UTF-8 actually) to copy filtered resources, i.e. build is platform dependent!
2016-01-19 17:08:25,592 [Worker-34] INFO  o.e.m.c.i.embedder.EclipseLogger - skip non existing resourceDirectory /Users/zunzunwang/Documents/JAVA_Projet/XML/zunzunwang-ws-twitter/src/test/resources
2016-01-19 17:11:33,230 [Worker-35] WARN  o.e.m.c.i.embedder.EclipseLogger - Using platform encoding (UTF-8 actually) to copy filtered resources, i.e. build is platform dependent!
2016-01-19 17:11:33,230 [Worker-35] INFO  o.e.m.c.i.embedder.EclipseLogger - skip non existing resourceDirectory /Users/zunzunwang/Documents/JAVA_Projet/XML/zunzunwang-ws-twitter/src/main/resources
2016-01-19 17:11:33,232 [Worker-35] WARN  o.e.m.c.i.embedder.EclipseLogger - Using platform encoding (UTF-8 actually) to copy filtered resources, i.e. build is platform dependent!
2016-01-19 17:11:33,235 [Worker-35] INFO  o.e.m.c.i.embedder.EclipseLogger - skip non existing resourceDirectory /Users/zunzunwang/Documents/JAVA_Projet/XML/zunzunwang-ws-twitter/src/test/resources
2016-01-19 17:15:42,207 [Worker-37] WARN  o.e.m.c.i.embedder.EclipseLogger - Using platform encoding (UTF-8 actually) to copy filtered resources, i.e. build is platform dependent!
2016-01-19 17:15:42,207 [Worker-37] INFO  o.e.m.c.i.embedder.EclipseLogger - skip non existing resourceDirectory /Users/zunzunwang/Documents/JAVA_Projet/XML/zunzunwang-ws-twitter/src/main/resources
2016-01-19 17:15:42,208 [Worker-37] WARN  o.e.m.c.i.embedder.EclipseLogger - Using platform encoding (UTF-8 actually) to copy filtered resources, i.e. build is platform dependent!
2016-01-19 17:15:42,210 [Worker-37] INFO  o.e.m.c.i.embedder.EclipseLogger - skip non existing resourceDirectory /Users/zunzunwang/Documents/JAVA_Projet/XML/zunzunwang-ws-twitter/src/test/resources
2016-01-19 17:17:03,483 [Worker-36] WARN  o.e.m.c.i.embedder.EclipseLogger - Using platform encoding (UTF-8 actually) to copy filtered resources, i.e. build is platform dependent!
2016-01-19 17:17:03,483 [Worker-36] INFO  o.e.m.c.i.embedder.EclipseLogger - skip non existing resourceDirectory /Users/zunzunwang/Documents/JAVA_Projet/XML/zunzunwang-ws-twitter/src/main/resources
2016-01-19 17:17:03,486 [Worker-36] WARN  o.e.m.c.i.embedder.EclipseLogger - Using platform encoding (UTF-8 actually) to copy filtered resources, i.e. build is platform dependent!
2016-01-19 17:17:03,487 [Worker-36] INFO  o.e.m.c.i.embedder.EclipseLogger - skip non existing resourceDirectory /Users/zunzunwang/Documents/JAVA_Projet/XML/zunzunwang-ws-twitter/src/test/resources
2016-01-19 17:20:25,662 [Worker-33] WARN  o.e.m.c.i.embedder.EclipseLogger - Using platform encoding (UTF-8 actually) to copy filtered resources, i.e. build is platform dependent!
2016-01-19 17:20:25,663 [Worker-33] INFO  o.e.m.c.i.embedder.EclipseLogger - skip non existing resourceDirectory /Users/zunzunwang/Documents/JAVA_Projet/XML/zunzunwang-ws-twitter/src/main/resources
2016-01-19 17:20:25,664 [Worker-33] WARN  o.e.m.c.i.embedder.EclipseLogger - Using platform encoding (UTF-8 actually) to copy filtered resources, i.e. build is platform dependent!
2016-01-19 17:20:25,667 [Worker-33] INFO  o.e.m.c.i.embedder.EclipseLogger - skip non existing resourceDirectory /Users/zunzunwang/Documents/JAVA_Projet/XML/zunzunwang-ws-twitter/src/test/resources
2016-01-19 17:20:32,430 [Worker-39] WARN  o.e.m.c.i.embedder.EclipseLogger - Using platform encoding (UTF-8 actually) to copy filtered resources, i.e. build is platform dependent!
2016-01-19 17:20:32,431 [Worker-39] INFO  o.e.m.c.i.embedder.EclipseLogger - skip non existing resourceDirectory /Users/zunzunwang/Documents/JAVA_Projet/XML/zunzunwang-ws-twitter/src/main/resources
2016-01-19 17:20:32,432 [Worker-39] WARN  o.e.m.c.i.embedder.EclipseLogger - Using platform encoding (UTF-8 actually) to copy filtered resources, i.e. build is platform dependent!
2016-01-19 17:20:32,436 [Worker-39] INFO  o.e.m.c.i.embedder.EclipseLogger - skip non existing resourceDirectory /Users/zunzunwang/Documents/JAVA_Projet/XML/zunzunwang-ws-twitter/src/test/resources
2016-01-19 17:24:13,767 [Worker-37] WARN  o.e.m.c.i.embedder.EclipseLogger - Using platform encoding (UTF-8 actually) to copy filtered resources, i.e. build is platform dependent!
2016-01-19 17:24:13,768 [Worker-37] INFO  o.e.m.c.i.embedder.EclipseLogger - skip non existing resourceDirectory /Users/zunzunwang/Documents/JAVA_Projet/XML/zunzunwang-ws-twitter/src/main/resources
2016-01-19 17:24:13,769 [Worker-37] WARN  o.e.m.c.i.embedder.EclipseLogger - Using platform encoding (UTF-8 actually) to copy filtered resources, i.e. build is platform dependent!
2016-01-19 17:24:13,772 [Worker-37] INFO  o.e.m.c.i.embedder.EclipseLogger - skip non existing resourceDirectory /Users/zunzunwang/Documents/JAVA_Projet/XML/zunzunwang-ws-twitter/src/test/resources
2016-01-19 17:24:20,600 [Worker-40] WARN  o.e.m.c.i.embedder.EclipseLogger - Using platform encoding (UTF-8 actually) to copy filtered resources, i.e. build is platform dependent!
2016-01-19 17:24:20,601 [Worker-40] INFO  o.e.m.c.i.embedder.EclipseLogger - skip non existing resourceDirectory /Users/zunzunwang/Documents/JAVA_Projet/XML/zunzunwang-ws-twitter/src/main/resources
2016-01-19 17:24:20,602 [Worker-40] WARN  o.e.m.c.i.embedder.EclipseLogger - Using platform encoding (UTF-8 actually) to copy filtered resources, i.e. build is platform dependent!
2016-01-19 17:24:20,605 [Worker-40] INFO  o.e.m.c.i.embedder.EclipseLogger - skip non existing resourceDirectory /Users/zunzunwang/Documents/JAVA_Projet/XML/zunzunwang-ws-twitter/src/test/resources
2016-01-19 17:24:27,404 [Worker-36] WARN  o.e.m.c.i.embedder.EclipseLogger - Using platform encoding (UTF-8 actually) to copy filtered resources, i.e. build is platform dependent!
2016-01-19 17:24:27,405 [Worker-36] INFO  o.e.m.c.i.embedder.EclipseLogger - skip non existing resourceDirectory /Users/zunzunwang/Documents/JAVA_Projet/XML/zunzunwang-ws-twitter/src/main/resources
2016-01-19 17:24:27,406 [Worker-36] WARN  o.e.m.c.i.embedder.EclipseLogger - Using platform encoding (UTF-8 actually) to copy filtered resources, i.e. build is platform dependent!
2016-01-19 17:24:27,407 [Worker-36] INFO  o.e.m.c.i.embedder.EclipseLogger - skip non existing resourceDirectory /Users/zunzunwang/Documents/JAVA_Projet/XML/zunzunwang-ws-twitter/src/test/resources
2016-01-19 17:24:59,041 [Worker-36] WARN  o.e.m.c.i.embedder.EclipseLogger - Using platform encoding (UTF-8 actually) to copy filtered resources, i.e. build is platform dependent!
2016-01-19 17:24:59,041 [Worker-36] INFO  o.e.m.c.i.embedder.EclipseLogger - skip non existing resourceDirectory /Users/zunzunwang/Documents/JAVA_Projet/XML/zunzunwang-ws-twitter/src/main/resources
2016-01-19 17:24:59,042 [Worker-36] WARN  o.e.m.c.i.embedder.EclipseLogger - Using platform encoding (UTF-8 actually) to copy filtered resources, i.e. build is platform dependent!
2016-01-19 17:24:59,046 [Worker-36] INFO  o.e.m.c.i.embedder.EclipseLogger - skip non existing resourceDirectory /Users/zunzunwang/Documents/JAVA_Projet/XML/zunzunwang-ws-twitter/src/test/resources
2016-01-19 17:26:08,217 [Worker-36] WARN  o.e.m.c.i.embedder.EclipseLogger - Using platform encoding (UTF-8 actually) to copy filtered resources, i.e. build is platform dependent!
2016-01-19 17:26:08,217 [Worker-36] INFO  o.e.m.c.i.embedder.EclipseLogger - skip non existing resourceDirectory /Users/zunzunwang/Documents/JAVA_Projet/XML/zunzunwang-ws-twitter/src/main/resources
2016-01-19 17:26:08,218 [Worker-36] WARN  o.e.m.c.i.embedder.EclipseLogger - Using platform encoding (UTF-8 actually) to copy filtered resources, i.e. build is platform dependent!
2016-01-19 17:26:08,223 [Worker-36] INFO  o.e.m.c.i.embedder.EclipseLogger - skip non existing resourceDirectory /Users/zunzunwang/Documents/JAVA_Projet/XML/zunzunwang-ws-twitter/src/test/resources
2016-01-19 17:26:54,750 [Worker-39] WARN  o.e.m.c.i.embedder.EclipseLogger - Using platform encoding (UTF-8 actually) to copy filtered resources, i.e. build is platform dependent!
2016-01-19 17:26:54,751 [Worker-39] INFO  o.e.m.c.i.embedder.EclipseLogger - skip non existing resourceDirectory /Users/zunzunwang/Documents/JAVA_Projet/XML/zunzunwang-ws-twitter/src/main/resources
2016-01-19 17:26:54,752 [Worker-39] WARN  o.e.m.c.i.embedder.EclipseLogger - Using platform encoding (UTF-8 actually) to copy filtered resources, i.e. build is platform dependent!
2016-01-19 17:26:54,755 [Worker-39] INFO  o.e.m.c.i.embedder.EclipseLogger - skip non existing resourceDirectory /Users/zunzunwang/Documents/JAVA_Projet/XML/zunzunwang-ws-twitter/src/test/resources
2016-01-19 17:28:24,261 [Worker-35] WARN  o.e.m.c.i.embedder.EclipseLogger - Using platform encoding (UTF-8 actually) to copy filtered resources, i.e. build is platform dependent!
2016-01-19 17:28:24,261 [Worker-35] INFO  o.e.m.c.i.embedder.EclipseLogger - skip non existing resourceDirectory /Users/zunzunwang/Documents/JAVA_Projet/XML/zunzunwang-ws-twitter/src/main/resources
2016-01-19 17:28:24,262 [Worker-35] WARN  o.e.m.c.i.embedder.EclipseLogger - Using platform encoding (UTF-8 actually) to copy filtered resources, i.e. build is platform dependent!
2016-01-19 17:28:24,266 [Worker-35] INFO  o.e.m.c.i.embedder.EclipseLogger - skip non existing resourceDirectory /Users/zunzunwang/Documents/JAVA_Projet/XML/zunzunwang-ws-twitter/src/test/resources
2016-01-19 17:29:15,965 [Worker-36] WARN  o.e.m.c.i.embedder.EclipseLogger - Using platform encoding (UTF-8 actually) to copy filtered resources, i.e. build is platform dependent!
2016-01-19 17:29:15,966 [Worker-36] INFO  o.e.m.c.i.embedder.EclipseLogger - skip non existing resourceDirectory /Users/zunzunwang/Documents/JAVA_Projet/XML/zunzunwang-ws-twitter/src/main/resources
2016-01-19 17:29:15,967 [Worker-36] WARN  o.e.m.c.i.embedder.EclipseLogger - Using platform encoding (UTF-8 actually) to copy filtered resources, i.e. build is platform dependent!
2016-01-19 17:29:15,969 [Worker-36] INFO  o.e.m.c.i.embedder.EclipseLogger - skip non existing resourceDirectory /Users/zunzunwang/Documents/JAVA_Projet/XML/zunzunwang-ws-twitter/src/test/resources
2016-01-19 17:29:51,356 [Worker-33] WARN  o.e.m.c.i.embedder.EclipseLogger - Using platform encoding (UTF-8 actually) to copy filtered resources, i.e. build is platform dependent!
2016-01-19 17:29:51,357 [Worker-33] INFO  o.e.m.c.i.embedder.EclipseLogger - skip non existing resourceDirectory /Users/zunzunwang/Documents/JAVA_Projet/XML/zunzunwang-ws-twitter/src/main/resources
2016-01-19 17:29:51,357 [Worker-33] WARN  o.e.m.c.i.embedder.EclipseLogger - Using platform encoding (UTF-8 actually) to copy filtered resources, i.e. build is platform dependent!
2016-01-19 17:29:51,361 [Worker-33] INFO  o.e.m.c.i.embedder.EclipseLogger - skip non existing resourceDirectory /Users/zunzunwang/Documents/JAVA_Projet/XML/zunzunwang-ws-twitter/src/test/resources
2016-01-19 17:30:40,508 [Worker-40] WARN  o.e.m.c.i.embedder.EclipseLogger - Using platform encoding (UTF-8 actually) to copy filtered resources, i.e. build is platform dependent!
2016-01-19 17:30:40,508 [Worker-40] INFO  o.e.m.c.i.embedder.EclipseLogger - skip non existing resourceDirectory /Users/zunzunwang/Documents/JAVA_Projet/XML/zunzunwang-ws-twitter/src/main/resources
2016-01-19 17:30:40,509 [Worker-40] WARN  o.e.m.c.i.embedder.EclipseLogger - Using platform encoding (UTF-8 actually) to copy filtered resources, i.e. build is platform dependent!
2016-01-19 17:30:40,513 [Worker-40] INFO  o.e.m.c.i.embedder.EclipseLogger - skip non existing resourceDirectory /Users/zunzunwang/Documents/JAVA_Projet/XML/zunzunwang-ws-twitter/src/test/resources
2016-01-19 17:32:10,821 [Worker-40] WARN  o.e.m.c.i.embedder.EclipseLogger - Using platform encoding (UTF-8 actually) to copy filtered resources, i.e. build is platform dependent!
2016-01-19 17:32:10,822 [Worker-40] INFO  o.e.m.c.i.embedder.EclipseLogger - skip non existing resourceDirectory /Users/zunzunwang/Documents/JAVA_Projet/XML/zunzunwang-ws-twitter/src/main/resources
2016-01-19 17:32:10,823 [Worker-40] WARN  o.e.m.c.i.embedder.EclipseLogger - Using platform encoding (UTF-8 actually) to copy filtered resources, i.e. build is platform dependent!
2016-01-19 17:32:10,825 [Worker-40] INFO  o.e.m.c.i.embedder.EclipseLogger - skip non existing resourceDirectory /Users/zunzunwang/Documents/JAVA_Projet/XML/zunzunwang-ws-twitter/src/test/resources
2016-01-19 17:32:28,883 [Worker-39] WARN  o.e.m.c.i.embedder.EclipseLogger - Using platform encoding (UTF-8 actually) to copy filtered resources, i.e. build is platform dependent!
2016-01-19 17:32:28,884 [Worker-39] INFO  o.e.m.c.i.embedder.EclipseLogger - skip non existing resourceDirectory /Users/zunzunwang/Documents/JAVA_Projet/XML/zunzunwang-ws-twitter/src/main/resources
2016-01-19 17:32:28,885 [Worker-39] WARN  o.e.m.c.i.embedder.EclipseLogger - Using platform encoding (UTF-8 actually) to copy filtered resources, i.e. build is platform dependent!
2016-01-19 17:32:28,888 [Worker-39] INFO  o.e.m.c.i.embedder.EclipseLogger - skip non existing resourceDirectory /Users/zunzunwang/Documents/JAVA_Projet/XML/zunzunwang-ws-twitter/src/test/resources
2016-01-19 17:37:38,782 [Worker-33] WARN  o.e.m.c.i.embedder.EclipseLogger - Using platform encoding (UTF-8 actually) to copy filtered resources, i.e. build is platform dependent!
2016-01-19 17:37:38,783 [Worker-33] INFO  o.e.m.c.i.embedder.EclipseLogger - skip non existing resourceDirectory /Users/zunzunwang/Documents/JAVA_Projet/XML/zunzunwang-ws-twitter/src/main/resources
2016-01-19 17:37:38,783 [Worker-33] WARN  o.e.m.c.i.embedder.EclipseLogger - Using platform encoding (UTF-8 actually) to copy filtered resources, i.e. build is platform dependent!
2016-01-19 17:37:38,788 [Worker-33] INFO  o.e.m.c.i.embedder.EclipseLogger - skip non existing resourceDirectory /Users/zunzunwang/Documents/JAVA_Projet/XML/zunzunwang-ws-twitter/src/test/resources
2016-01-19 17:38:22,140 [Worker-35] WARN  o.e.m.c.i.embedder.EclipseLogger - Using platform encoding (UTF-8 actually) to copy filtered resources, i.e. build is platform dependent!
2016-01-19 17:38:22,140 [Worker-35] INFO  o.e.m.c.i.embedder.EclipseLogger - skip non existing resourceDirectory /Users/zunzunwang/Documents/JAVA_Projet/XML/zunzunwang-ws-twitter/src/main/resources
2016-01-19 17:38:22,141 [Worker-35] WARN  o.e.m.c.i.embedder.EclipseLogger - Using platform encoding (UTF-8 actually) to copy filtered resources, i.e. build is platform dependent!
2016-01-19 17:38:22,144 [Worker-35] INFO  o.e.m.c.i.embedder.EclipseLogger - skip non existing resourceDirectory /Users/zunzunwang/Documents/JAVA_Projet/XML/zunzunwang-ws-twitter/src/test/resources
2016-01-19 17:39:16,580 [Worker-36] WARN  o.e.m.c.i.embedder.EclipseLogger - Using platform encoding (UTF-8 actually) to copy filtered resources, i.e. build is platform dependent!
2016-01-19 17:39:16,581 [Worker-36] INFO  o.e.m.c.i.embedder.EclipseLogger - skip non existing resourceDirectory /Users/zunzunwang/Documents/JAVA_Projet/XML/zunzunwang-ws-twitter/src/main/resources
2016-01-19 17:39:16,581 [Worker-36] WARN  o.e.m.c.i.embedder.EclipseLogger - Using platform encoding (UTF-8 actually) to copy filtered resources, i.e. build is platform dependent!
2016-01-19 17:39:16,585 [Worker-36] INFO  o.e.m.c.i.embedder.EclipseLogger - skip non existing resourceDirectory /Users/zunzunwang/Documents/JAVA_Projet/XML/zunzunwang-ws-twitter/src/test/resources
2016-01-19 17:49:32,468 [Worker-37] WARN  o.e.m.c.i.embedder.EclipseLogger - Using platform encoding (UTF-8 actually) to copy filtered resources, i.e. build is platform dependent!
2016-01-19 17:49:32,469 [Worker-37] INFO  o.e.m.c.i.embedder.EclipseLogger - skip non existing resourceDirectory /Users/zunzunwang/Documents/JAVA_Projet/XML/zunzunwang-ws-twitter/src/main/resources
2016-01-19 17:49:32,470 [Worker-37] WARN  o.e.m.c.i.embedder.EclipseLogger - Using platform encoding (UTF-8 actually) to copy filtered resources, i.e. build is platform dependent!
2016-01-19 17:49:32,471 [Worker-37] INFO  o.e.m.c.i.embedder.EclipseLogger - skip non existing resourceDirectory /Users/zunzunwang/Documents/JAVA_Projet/XML/zunzunwang-ws-twitter/src/test/resources
2016-01-19 17:49:36,550 [Worker-39] WARN  o.e.m.c.i.embedder.EclipseLogger - Using platform encoding (UTF-8 actually) to copy filtered resources, i.e. build is platform dependent!
2016-01-19 17:49:36,551 [Worker-39] INFO  o.e.m.c.i.embedder.EclipseLogger - skip non existing resourceDirectory /Users/zunzunwang/Documents/JAVA_Projet/XML/zunzunwang-ws-twitter/src/main/resources
2016-01-19 17:49:36,553 [Worker-39] WARN  o.e.m.c.i.embedder.EclipseLogger - Using platform encoding (UTF-8 actually) to copy filtered resources, i.e. build is platform dependent!
2016-01-19 17:49:36,553 [Worker-39] INFO  o.e.m.c.i.embedder.EclipseLogger - skip non existing resourceDirectory /Users/zunzunwang/Documents/JAVA_Projet/XML/zunzunwang-ws-twitter/src/test/resources
2016-01-19 17:49:40,353 [Worker-37] WARN  o.e.m.c.i.embedder.EclipseLogger - Using platform encoding (UTF-8 actually) to copy filtered resources, i.e. build is platform dependent!
2016-01-19 17:49:40,354 [Worker-37] INFO  o.e.m.c.i.embedder.EclipseLogger - skip non existing resourceDirectory /Users/zunzunwang/Documents/JAVA_Projet/XML/zunzunwang-ws-twitter/src/main/resources
2016-01-19 17:49:40,355 [Worker-37] WARN  o.e.m.c.i.embedder.EclipseLogger - Using platform encoding (UTF-8 actually) to copy filtered resources, i.e. build is platform dependent!
2016-01-19 17:49:40,358 [Worker-37] INFO  o.e.m.c.i.embedder.EclipseLogger - skip non existing resourceDirectory /Users/zunzunwang/Documents/JAVA_Projet/XML/zunzunwang-ws-twitter/src/test/resources
2016-01-19 17:51:05,792 [Worker-43] WARN  o.e.m.c.i.embedder.EclipseLogger - Using platform encoding (UTF-8 actually) to copy filtered resources, i.e. build is platform dependent!
2016-01-19 17:51:05,793 [Worker-43] INFO  o.e.m.c.i.embedder.EclipseLogger - skip non existing resourceDirectory /Users/zunzunwang/Documents/JAVA_Projet/XML/zunzunwang-ws-twitter/src/main/resources
2016-01-19 17:51:05,794 [Worker-43] WARN  o.e.m.c.i.embedder.EclipseLogger - Using platform encoding (UTF-8 actually) to copy filtered resources, i.e. build is platform dependent!
2016-01-19 17:51:05,796 [Worker-43] INFO  o.e.m.c.i.embedder.EclipseLogger - skip non existing resourceDirectory /Users/zunzunwang/Documents/JAVA_Projet/XML/zunzunwang-ws-twitter/src/test/resources
2016-01-19 22:12:55,157 [Worker-55] WARN  o.e.m.c.i.embedder.EclipseLogger - Using platform encoding (UTF-8 actually) to copy filtered resources, i.e. build is platform dependent!
2016-01-19 22:12:55,159 [Worker-55] INFO  o.e.m.c.i.embedder.EclipseLogger - skip non existing resourceDirectory /Users/zunzunwang/Documents/JAVA_Projet/XML/zunzunwang-ws-twitter/src/main/resources
2016-01-19 22:12:55,161 [Worker-55] WARN  o.e.m.c.i.embedder.EclipseLogger - Using platform encoding (UTF-8 actually) to copy filtered resources, i.e. build is platform dependent!
2016-01-19 22:12:55,161 [Worker-55] INFO  o.e.m.c.i.embedder.EclipseLogger - skip non existing resourceDirectory /Users/zunzunwang/Documents/JAVA_Projet/XML/zunzunwang-ws-twitter/src/test/resources
2016-01-25 09:53:25,226 [Worker-10] WARN  o.e.m.c.i.embedder.EclipseLogger - Using platform encoding (UTF-8 actually) to copy filtered resources, i.e. build is platform dependent!
2016-01-25 09:53:25,239 [Worker-10] INFO  o.e.m.c.i.embedder.EclipseLogger - skip non existing resourceDirectory /Users/zunzunwang/Documents/JAVA_Projet/XML/zunzunwang-ws-twitter/src/main/resources
2016-01-25 09:53:25,247 [Worker-10] WARN  o.e.m.c.i.embedder.EclipseLogger - Using platform encoding (UTF-8 actually) to copy filtered resources, i.e. build is platform dependent!
2016-01-25 09:53:25,248 [Worker-10] INFO  o.e.m.c.i.embedder.EclipseLogger - skip non existing resourceDirectory /Users/zunzunwang/Documents/JAVA_Projet/XML/zunzunwang-ws-twitter/src/test/resources
2016-01-25 09:55:19,088 [Worker-9] WARN  o.e.m.c.i.embedder.EclipseLogger - Using platform encoding (UTF-8 actually) to copy filtered resources, i.e. build is platform dependent!
2016-01-25 09:55:19,097 [Worker-9] INFO  o.e.m.c.i.embedder.EclipseLogger - skip non existing resourceDirectory /Users/zunzunwang/Documents/JAVA_Projet/XML/zunzunwang-ws-twitter/src/main/resources
2016-01-25 09:55:19,099 [Worker-9] WARN  o.e.m.c.i.embedder.EclipseLogger - Using platform encoding (UTF-8 actually) to copy filtered resources, i.e. build is platform dependent!
2016-01-25 09:55:19,100 [Worker-9] INFO  o.e.m.c.i.embedder.EclipseLogger - skip non existing resourceDirectory /Users/zunzunwang/Documents/JAVA_Projet/XML/zunzunwang-ws-twitter/src/test/resources
